Copyright 1986-2018 Xilinx, Inc. All Rights Reserved.
------------------------------------------------------------------------------------------------
| Tool Version : Vivado v.2018.3 (win64) Build 2405991 Thu Dec  6 23:38:27 MST 2018
| Date         : Wed May 22 19:20:39 2019
| Host         : DESKTOP-ITGIBL7 running 64-bit major release  (build 9200)
| Command      : report_control_sets -verbose -file zynq_custom_wrapper_control_sets_placed.rpt
| Design       : zynq_custom_wrapper
| Device       : xc7z020
------------------------------------------------------------------------------------------------

Control Set Information

Table of Contents
-----------------
1. Summary
2. Histogram
3. Flip-Flop Distribution
4. Detailed Control Set Information

1. Summary
----------

+----------------------------------------------------------+-------+
|                          Status                          | Count |
+----------------------------------------------------------+-------+
| Number of unique control sets                            |    47 |
| Unused register locations in slices containing registers |   100 |
+----------------------------------------------------------+-------+


2. Histogram
------------

+--------+--------------+
| Fanout | Control Sets |
+--------+--------------+
|      1 |            1 |
|      2 |            1 |
|      4 |            7 |
|      5 |            3 |
|      6 |            1 |
|      7 |            1 |
|      8 |           16 |
|     10 |            1 |
|     13 |            2 |
|     14 |            2 |
|    16+ |           12 |
+--------+--------------+


3. Flip-Flop Distribution
-------------------------

+--------------+-----------------------+------------------------+-----------------+--------------+
| Clock Enable | Synchronous Set/Reset | Asynchronous Set/Reset | Total Registers | Total Slices |
+--------------+-----------------------+------------------------+-----------------+--------------+
| No           | No                    | No                     |             109 |           34 |
| No           | No                    | Yes                    |               0 |            0 |
| No           | Yes                   | No                     |              42 |           18 |
| Yes          | No                    | No                     |             272 |           68 |
| Yes          | No                    | Yes                    |               0 |            0 |
| Yes          | Yes                   | No                     |             189 |           38 |
+--------------+-----------------------+------------------------+-----------------+--------------+


4. Detailed Control Set Information
-----------------------------------

+----------------------------------------------------+-------------------------------------------------------------------------------------------------------------------------------------------------------------------+----------------------------------------------------------------------------------------------------------------------------------------------------------+------------------+----------------+
|                    Clock Signal                    |                                                                           Enable Signal                                                                           |                                                                     Set/Reset Signal                                                                     | Slice Load Count | Bel Load Count |
+----------------------------------------------------+-------------------------------------------------------------------------------------------------------------------------------------------------------------------+----------------------------------------------------------------------------------------------------------------------------------------------------------+------------------+----------------+
|  zynq_custom_i/processing_system7_0/inst/FCLK_CLK0 | zynq_custom_i/ps7_0_axi_periph/s00_couplers/auto_pc/inst/gen_axilite.gen_b2s_conv.axilite_b2s/WR.aw_channel_0/aw_cmd_fsm_0/m_axi_awready_1                        | zynq_custom_i/ps7_0_axi_periph/s00_couplers/auto_pc/inst/gen_axilite.gen_b2s_conv.axilite_b2s/WR.aw_channel_0/aw_cmd_fsm_0/m_axi_awready_0               |                1 |              1 |
|  zynq_custom_i/processing_system7_0/inst/FCLK_CLK0 | zynq_custom_i/ps7_0_axi_periph/s00_couplers/auto_pc/inst/gen_axilite.gen_b2s_conv.axilite_b2s/WR.b_channel_0/bid_fifo_0/sel                                       |                                                                                                                                                          |                1 |              2 |
|  zynq_custom_i/processing_system7_0/inst/FCLK_CLK0 | zynq_custom_i/ps7_0_axi_periph/s00_couplers/auto_pc/inst/gen_axilite.gen_b2s_conv.axilite_b2s/WR.aw_channel_0/cmd_translator_0/incr_cmd_0/axaddr_incr[11]_i_1_n_0 |                                                                                                                                                          |                1 |              4 |
|  zynq_custom_i/processing_system7_0/inst/FCLK_CLK0 |                                                                                                                                                                   | zynq_custom_i/rst_ps7_0_50M/U0/EXT_LPF/lpf_int                                                                                                           |                1 |              4 |
|  zynq_custom_i/processing_system7_0/inst/FCLK_CLK0 |                                                                                                                                                                   | zynq_custom_i/ps7_0_axi_periph/s00_couplers/auto_pc/inst/gen_axilite.gen_b2s_conv.axilite_b2s/SI_REG/aw.aw_pipe/aresetn_d_reg[0]_0                       |                3 |              4 |
|  zynq_custom_i/processing_system7_0/inst/FCLK_CLK0 |                                                                                                                                                                   | zynq_custom_i/ps7_0_axi_periph/s00_couplers/auto_pc/inst/gen_axilite.gen_b2s_conv.axilite_b2s/SI_REG/ar.ar_pipe/aresetn_d_reg[1]_inv_0                   |                2 |              4 |
|  zynq_custom_i/processing_system7_0/inst/FCLK_CLK0 | zynq_custom_i/ps7_0_axi_periph/s00_couplers/auto_pc/inst/gen_axilite.gen_b2s_conv.axilite_b2s/WR.aw_channel_0/aw_cmd_fsm_0/E[0]                                   |                                                                                                                                                          |                2 |              4 |
|  zynq_custom_i/processing_system7_0/inst/FCLK_CLK0 | zynq_custom_i/ps7_0_axi_periph/s00_couplers/auto_pc/inst/gen_axilite.gen_b2s_conv.axilite_b2s/RD.ar_channel_0/ar_cmd_fsm_0/E[0]                                   |                                                                                                                                                          |                2 |              4 |
|  zynq_custom_i/processing_system7_0/inst/FCLK_CLK0 | zynq_custom_i/ps7_0_axi_periph/s00_couplers/auto_pc/inst/gen_axilite.gen_b2s_conv.axilite_b2s/RD.ar_channel_0/ar_cmd_fsm_0/sel_first_reg[0]                       |                                                                                                                                                          |                1 |              4 |
|  zynq_custom_i/processing_system7_0/inst/FCLK_CLK0 | zynq_custom_i/ps7_0_axi_periph/s00_couplers/auto_pc/inst/gen_axilite.gen_b2s_conv.axilite_b2s/RD.ar_channel_0/ar_cmd_fsm_0/m_valid_i_reg                          | zynq_custom_i/ps7_0_axi_periph/s00_couplers/auto_pc/inst/gen_axilite.gen_b2s_conv.axilite_b2s/RD.ar_channel_0/ar_cmd_fsm_0/FSM_sequential_state_reg[0]_0 |                2 |              5 |
|  zynq_custom_i/processing_system7_0/inst/FCLK_CLK0 | zynq_custom_i/ps7_0_axi_periph/s00_couplers/auto_pc/inst/gen_axilite.gen_b2s_conv.axilite_b2s/RD.r_channel_0/rd_data_fifo_0/cnt_read[4]_i_1_n_0                   | zynq_custom_i/ps7_0_axi_periph/s00_couplers/auto_pc/inst/gen_axilite.gen_b2s_conv.axilite_b2s/areset_d1                                                  |                1 |              5 |
|  zynq_custom_i/processing_system7_0/inst/FCLK_CLK0 | zynq_custom_i/ps7_0_axi_periph/s00_couplers/auto_pc/inst/gen_axilite.gen_b2s_conv.axilite_b2s/RD.r_channel_0/rd_data_fifo_0/E[0]                                  | zynq_custom_i/ps7_0_axi_periph/s00_couplers/auto_pc/inst/gen_axilite.gen_b2s_conv.axilite_b2s/areset_d1                                                  |                2 |              5 |
|  zynq_custom_i/processing_system7_0/inst/FCLK_CLK0 | zynq_custom_i/rst_ps7_0_50M/U0/SEQ/seq_cnt_en                                                                                                                     | zynq_custom_i/rst_ps7_0_50M/U0/SEQ/SEQ_COUNTER/clear                                                                                                     |                2 |              6 |
|  zynq_custom_i/processing_system7_0/inst/FCLK_CLK0 | zynq_custom_i/myip_0/inst/myip_v1_0_S00_AXI_inst/slv_reg0[7]_i_1_n_0                                                                                              | zynq_custom_i/myip_0/inst/myip_v1_0_S00_AXI_inst/SR[0]                                                                                                   |                1 |              7 |
|  zynq_custom_i/processing_system7_0/inst/FCLK_CLK0 | zynq_custom_i/myip_0/inst/myip_v1_0_S00_AXI_inst/slv_reg2[15]_i_1_n_0                                                                                             | zynq_custom_i/myip_0/inst/myip_v1_0_S00_AXI_inst/SR[0]                                                                                                   |                1 |              8 |
|  zynq_custom_i/processing_system7_0/inst/FCLK_CLK0 | zynq_custom_i/myip_0/inst/myip_v1_0_S00_AXI_inst/slv_reg3[31]_i_1_n_0                                                                                             | zynq_custom_i/myip_0/inst/myip_v1_0_S00_AXI_inst/SR[0]                                                                                                   |                1 |              8 |
|  zynq_custom_i/processing_system7_0/inst/FCLK_CLK0 | zynq_custom_i/myip_0/inst/myip_v1_0_S00_AXI_inst/p_1_in[15]                                                                                                       | zynq_custom_i/myip_0/inst/myip_v1_0_S00_AXI_inst/SR[0]                                                                                                   |                1 |              8 |
|  zynq_custom_i/processing_system7_0/inst/FCLK_CLK0 | zynq_custom_i/myip_0/inst/myip_v1_0_S00_AXI_inst/slv_reg3[7]_i_1_n_0                                                                                              | zynq_custom_i/myip_0/inst/myip_v1_0_S00_AXI_inst/SR[0]                                                                                                   |                1 |              8 |
|  zynq_custom_i/processing_system7_0/inst/FCLK_CLK0 | zynq_custom_i/myip_0/inst/myip_v1_0_S00_AXI_inst/p_1_in[23]                                                                                                       | zynq_custom_i/myip_0/inst/myip_v1_0_S00_AXI_inst/SR[0]                                                                                                   |                1 |              8 |
|  zynq_custom_i/processing_system7_0/inst/FCLK_CLK0 | zynq_custom_i/myip_0/inst/myip_v1_0_S00_AXI_inst/slv_reg3[15]_i_1_n_0                                                                                             | zynq_custom_i/myip_0/inst/myip_v1_0_S00_AXI_inst/SR[0]                                                                                                   |                1 |              8 |
|  zynq_custom_i/processing_system7_0/inst/FCLK_CLK0 | zynq_custom_i/myip_0/inst/myip_v1_0_S00_AXI_inst/p_1_in[7]                                                                                                        | zynq_custom_i/myip_0/inst/myip_v1_0_S00_AXI_inst/SR[0]                                                                                                   |                1 |              8 |
|  zynq_custom_i/processing_system7_0/inst/FCLK_CLK0 | zynq_custom_i/myip_0/inst/myip_v1_0_S00_AXI_inst/p_1_in[31]                                                                                                       | zynq_custom_i/myip_0/inst/myip_v1_0_S00_AXI_inst/SR[0]                                                                                                   |                1 |              8 |
|  zynq_custom_i/processing_system7_0/inst/FCLK_CLK0 | zynq_custom_i/myip_0/inst/myip_v1_0_S00_AXI_inst/slv_reg2[7]_i_1_n_0                                                                                              | zynq_custom_i/myip_0/inst/myip_v1_0_S00_AXI_inst/SR[0]                                                                                                   |                1 |              8 |
|  zynq_custom_i/processing_system7_0/inst/FCLK_CLK0 | zynq_custom_i/myip_0/inst/myip_v1_0_S00_AXI_inst/slv_reg0[15]_i_1_n_0                                                                                             | zynq_custom_i/myip_0/inst/myip_v1_0_S00_AXI_inst/SR[0]                                                                                                   |                1 |              8 |
|  zynq_custom_i/processing_system7_0/inst/FCLK_CLK0 | zynq_custom_i/myip_0/inst/myip_v1_0_S00_AXI_inst/slv_reg0[23]_i_1_n_0                                                                                             | zynq_custom_i/myip_0/inst/myip_v1_0_S00_AXI_inst/SR[0]                                                                                                   |                1 |              8 |
|  zynq_custom_i/processing_system7_0/inst/FCLK_CLK0 | zynq_custom_i/myip_0/inst/myip_v1_0_S00_AXI_inst/slv_reg3[23]_i_1_n_0                                                                                             | zynq_custom_i/myip_0/inst/myip_v1_0_S00_AXI_inst/SR[0]                                                                                                   |                1 |              8 |
|  zynq_custom_i/processing_system7_0/inst/FCLK_CLK0 | zynq_custom_i/ps7_0_axi_periph/s00_couplers/auto_pc/inst/gen_axilite.gen_b2s_conv.axilite_b2s/WR.b_channel_0/mhandshake_r                                         | zynq_custom_i/ps7_0_axi_periph/s00_couplers/auto_pc/inst/gen_axilite.gen_b2s_conv.axilite_b2s/WR.b_channel_0/bid_fifo_0/SR[0]                            |                3 |              8 |
|  zynq_custom_i/processing_system7_0/inst/FCLK_CLK0 | zynq_custom_i/myip_0/inst/myip_v1_0_S00_AXI_inst/slv_reg2[23]_i_1_n_0                                                                                             | zynq_custom_i/myip_0/inst/myip_v1_0_S00_AXI_inst/SR[0]                                                                                                   |                1 |              8 |
|  zynq_custom_i/processing_system7_0/inst/FCLK_CLK0 | zynq_custom_i/myip_0/inst/myip_v1_0_S00_AXI_inst/slv_reg0[31]_i_1_n_0                                                                                             | zynq_custom_i/myip_0/inst/myip_v1_0_S00_AXI_inst/SR[0]                                                                                                   |                1 |              8 |
|  zynq_custom_i/processing_system7_0/inst/FCLK_CLK0 | zynq_custom_i/myip_0/inst/myip_v1_0_S00_AXI_inst/slv_reg2[31]_i_1_n_0                                                                                             | zynq_custom_i/myip_0/inst/myip_v1_0_S00_AXI_inst/SR[0]                                                                                                   |                2 |              8 |
|  zynq_custom_i/processing_system7_0/inst/FCLK_CLK0 |                                                                                                                                                                   | zynq_custom_i/ps7_0_axi_periph/s00_couplers/auto_pc/inst/gen_axilite.gen_b2s_conv.axilite_b2s/areset_d1                                                  |                4 |             10 |
|  zynq_custom_i/processing_system7_0/inst/FCLK_CLK0 | zynq_custom_i/ps7_0_axi_periph/s00_couplers/auto_pc/inst/gen_axilite.gen_b2s_conv.axilite_b2s/RD.ar_channel_0/ar_cmd_fsm_0/m_valid_i_reg                          |                                                                                                                                                          |                5 |             13 |
|  zynq_custom_i/processing_system7_0/inst/FCLK_CLK0 | zynq_custom_i/ps7_0_axi_periph/s00_couplers/auto_pc/inst/gen_axilite.gen_b2s_conv.axilite_b2s/RD.r_channel_0/r_push_r                                             |                                                                                                                                                          |                5 |             13 |
|  zynq_custom_i/processing_system7_0/inst/FCLK_CLK0 | zynq_custom_i/ps7_0_axi_periph/s00_couplers/auto_pc/inst/gen_axilite.gen_b2s_conv.axilite_b2s/SI_REG/b.b_pipe/s_ready_i_reg_0                                     |                                                                                                                                                          |                2 |             14 |
|  zynq_custom_i/processing_system7_0/inst/FCLK_CLK0 | zynq_custom_i/ps7_0_axi_periph/s00_couplers/auto_pc/inst/gen_axilite.gen_b2s_conv.axilite_b2s/SI_REG/b.b_pipe/p_1_in                                              |                                                                                                                                                          |                2 |             14 |
|  zynq_custom_i/processing_system7_0/inst/FCLK_CLK0 | zynq_custom_i/ps7_0_axi_periph/s00_couplers/auto_pc/inst/gen_axilite.gen_b2s_conv.axilite_b2s/WR.aw_channel_0/aw_cmd_fsm_0/b_push                                 |                                                                                                                                                          |                3 |             16 |
|  zynq_custom_i/processing_system7_0/inst/FCLK_CLK0 | zynq_custom_i/ps7_0_axi_periph/s00_couplers/auto_pc/inst/gen_axilite.gen_b2s_conv.axilite_b2s/WR.aw_channel_0/aw_cmd_fsm_0/m_axi_awready_1                        |                                                                                                                                                          |                7 |             17 |
|  zynq_custom_i/processing_system7_0/inst/FCLK_CLK0 |                                                                                                                                                                   | zynq_custom_i/myip_0/inst/myip_v1_0_S00_AXI_inst/SR[0]                                                                                                   |                8 |             20 |
|  zynq_custom_i/processing_system7_0/inst/FCLK_CLK0 | zynq_custom_i/ps7_0_axi_periph/s00_couplers/auto_pc/inst/gen_axilite.gen_b2s_conv.axilite_b2s/SI_REG/aw.aw_pipe/s_ready_i_reg_0                                   |                                                                                                                                                          |                7 |             27 |
|  zynq_custom_i/processing_system7_0/inst/FCLK_CLK0 | zynq_custom_i/ps7_0_axi_periph/s00_couplers/auto_pc/inst/gen_axilite.gen_b2s_conv.axilite_b2s/WR.aw_channel_0/aw_cmd_fsm_0/m_valid_i_reg[0]                       |                                                                                                                                                          |                7 |             27 |
|  zynq_custom_i/processing_system7_0/inst/FCLK_CLK0 | zynq_custom_i/ps7_0_axi_periph/s00_couplers/auto_pc/inst/gen_axilite.gen_b2s_conv.axilite_b2s/RD.ar_channel_0/ar_cmd_fsm_0/FSM_sequential_state_reg[1]_0[0]       |                                                                                                                                                          |                7 |             27 |
|  zynq_custom_i/processing_system7_0/inst/FCLK_CLK0 | zynq_custom_i/ps7_0_axi_periph/s00_couplers/auto_pc/inst/gen_axilite.gen_b2s_conv.axilite_b2s/SI_REG/ar.ar_pipe/s_ready_i_reg_0                                   |                                                                                                                                                          |                9 |             27 |
|  zynq_custom_i/processing_system7_0/inst/FCLK_CLK0 | zynq_custom_i/ps7_0_axi_periph/s00_couplers/auto_pc/inst/gen_axilite.gen_b2s_conv.axilite_b2s/RD.r_channel_0/rd_data_fifo_0/wr_en0                                |                                                                                                                                                          |                8 |             32 |
|  zynq_custom_i/processing_system7_0/inst/FCLK_CLK0 | zynq_custom_i/myip_0/inst/myip_v1_0_S00_AXI_inst/slv_reg_rden__0                                                                                                  | zynq_custom_i/myip_0/inst/myip_v1_0_S00_AXI_inst/SR[0]                                                                                                   |               10 |             32 |
|  zynq_custom_i/processing_system7_0/inst/FCLK_CLK0 | zynq_custom_i/ps7_0_axi_periph/s00_couplers/auto_pc/inst/gen_axilite.gen_b2s_conv.axilite_b2s/SI_REG/r.r_pipe/s_ready_i_reg_0                                     |                                                                                                                                                          |                8 |             45 |
|  zynq_custom_i/processing_system7_0/inst/FCLK_CLK0 | zynq_custom_i/ps7_0_axi_periph/s00_couplers/auto_pc/inst/gen_axilite.gen_b2s_conv.axilite_b2s/SI_REG/r.r_pipe/p_1_in                                              |                                                                                                                                                          |                8 |             45 |
|  zynq_custom_i/processing_system7_0/inst/FCLK_CLK0 |                                                                                                                                                                   |                                                                                                                                                          |               35 |            110 |
+----------------------------------------------------+-------------------------------------------------------------------------------------------------------------------------------------------------------------------+----------------------------------------------------------------------------------------------------------------------------------------------------------+------------------+----------------+


