17:03:17 INFO  : Registering command handlers for SDK TCF services
17:03:18 INFO  : Launching XSCT server: xsct.bat -interactive C:\project_1\project_1.sdk\temp_xsdb_launch_script.tcl
17:03:21 INFO  : XSCT server has started successfully.
17:03:24 INFO  : Successfully done setting XSCT server connection channel  
17:03:24 INFO  : Processing command line option -hwspec C:/project_1/project_1.sdk/zynq_custom_wrapper.hdf.
17:03:24 INFO  : Successfully done setting SDK workspace  
17:05:25 INFO  : Saving repository preferences.
17:05:25 INFO  : Reading in cores from local repositories: 
		 C:\ip_repo\myip_1.0
17:05:25 INFO  : Cleaning BSP projects in the workspace.
17:06:11 INFO  : No changes in MSS file content so not generating sources.
17:21:13 INFO  : Registering command handlers for SDK TCF services
17:21:14 INFO  : Launching XSCT server: xsct.bat -interactive C:\project_1\project_1.sdk\temp_xsdb_launch_script.tcl
17:21:16 INFO  : XSCT server has started successfully.
17:21:16 INFO  : Restoring local repository preferences: 
		 C:\ip_repo\myip_1.0
17:21:16 INFO  : Successfully done setting XSCT server connection channel  
17:21:16 INFO  : Processing command line option -hwspec C:/project_1/project_1.sdk/zynq_custom_wrapper.hdf.
17:21:16 INFO  : Successfully done setting SDK workspace  
17:21:16 INFO  : Checking for hwspec changes in the project zynq_custom_wrapper_hw_platform_0.
18:20:21 INFO  : Connected to target on host '127.0.0.1' and port '3121'.
18:20:24 INFO  : 'targets -set -filter {jtag_cable_name =~ "Digilent JTAG-SMT1 210203A3CF98A" && level==0} -index 1' command is executed.
18:20:26 INFO  : FPGA configured successfully with bitstream "C:/project_1/project_1.sdk/zynq_custom_wrapper_hw_platform_0/zynq_custom_wrapper.bit"
18:20:34 INFO  : 'targets -set -filter {jtag_cable_name =~ "Digilent JTAG-SMT1 210203A3CF98A" && level==0} -index 1' command is executed.
18:20:34 INFO  : 'fpga -state' command is executed.
18:20:34 INFO  : Connected to target on host '127.0.0.1' and port '3121'.
18:20:34 INFO  : Jtag cable 'Digilent JTAG-SMT1 210203A3CF98A' is selected.
18:20:34 INFO  : 'jtag frequency' command is executed.
18:20:34 INFO  : Sourcing of 'C:/project_1/project_1.sdk/zynq_custom_wrapper_hw_platform_0/ps7_init.tcl' is done.
18:20:34 INFO  : Context for 'APU' is selected.
18:20:34 INFO  : Hardware design information is loaded from 'C:/project_1/project_1.sdk/zynq_custom_wrapper_hw_platform_0/system.hdf'.
18:20:34 INFO  : 'configparams force-mem-access 1' command is executed.
18:20:34 INFO  : Context for 'APU' is selected.
18:20:34 INFO  : 'stop' command is executed.
18:20:35 INFO  : 'ps7_init' command is executed.
18:20:35 INFO  : 'ps7_post_config' command is executed.
18:20:35 INFO  : Context for processor 'ps7_cortexa9_0' is selected.
18:20:35 INFO  : Processor reset is completed for 'ps7_cortexa9_0'.
18:20:35 INFO  : Context for processor 'ps7_cortexa9_0' is selected.
18:20:35 INFO  : The application 'C:/project_1/project_1.sdk/led_test/Debug/led_test.elf' is downloaded to processor 'ps7_cortexa9_0'.
18:20:35 INFO  : 'configparams force-mem-access 0' command is executed.
18:20:35 INFO  : ----------------XSDB Script----------------
connect -url tcp:127.0.0.1:3121
source C:/project_1/project_1.sdk/zynq_custom_wrapper_hw_platform_0/ps7_init.tcl
targets -set -nocase -filter {name =~"APU*" && jtag_cable_name =~ "Digilent JTAG-SMT1 210203A3CF98A"} -index 0
loadhw -hw C:/project_1/project_1.sdk/zynq_custom_wrapper_hw_platform_0/system.hdf -mem-ranges [list {0x40000000 0xbfffffff}]
configparams force-mem-access 1
targets -set -nocase -filter {name =~"APU*" && jtag_cable_name =~ "Digilent JTAG-SMT1 210203A3CF98A"} -index 0
stop
ps7_init
ps7_post_config
targets -set -nocase -filter {name =~ "ARM*#0" && jtag_cable_name =~ "Digilent JTAG-SMT1 210203A3CF98A"} -index 0
rst -processor
targets -set -nocase -filter {name =~ "ARM*#0" && jtag_cable_name =~ "Digilent JTAG-SMT1 210203A3CF98A"} -index 0
dow C:/project_1/project_1.sdk/led_test/Debug/led_test.elf
configparams force-mem-access 0
----------------End of Script----------------

18:20:35 INFO  : Context for processor 'ps7_cortexa9_0' is selected.
18:20:35 INFO  : 'con' command is executed.
18:20:35 INFO  : ----------------XSDB Script (After Launch)----------------
targets -set -nocase -filter {name =~ "ARM*#0" && jtag_cable_name =~ "Digilent JTAG-SMT1 210203A3CF98A"} -index 0
con
----------------End of Script----------------

18:20:35 INFO  : Disconnected from the channel tcfchan#1.
18:21:12 INFO  : Connected to target on host '127.0.0.1' and port '3121'.
18:21:14 INFO  : 'targets -set -filter {jtag_cable_name =~ "Digilent JTAG-SMT1 210203A3CF98A" && level==0} -index 1' command is executed.
18:21:17 INFO  : FPGA configured successfully with bitstream "C:/project_1/project_1.sdk/zynq_custom_wrapper_hw_platform_0/zynq_custom_wrapper.bit"
18:22:21 INFO  : 'targets -set -filter {jtag_cable_name =~ "Digilent JTAG-SMT1 210203A3CF98A" && level==0} -index 1' command is executed.
18:22:21 INFO  : 'fpga -state' command is executed.
18:22:21 INFO  : Connected to target on host '127.0.0.1' and port '3121'.
18:22:21 INFO  : Jtag cable 'Digilent JTAG-SMT1 210203A3CF98A' is selected.
18:22:21 INFO  : 'jtag frequency' command is executed.
18:22:21 INFO  : Sourcing of 'C:/project_1/project_1.sdk/zynq_custom_wrapper_hw_platform_0/ps7_init.tcl' is done.
18:22:21 INFO  : Context for 'APU' is selected.
18:22:21 INFO  : Hardware design information is loaded from 'C:/project_1/project_1.sdk/zynq_custom_wrapper_hw_platform_0/system.hdf'.
18:22:21 INFO  : 'configparams force-mem-access 1' command is executed.
18:22:22 INFO  : Context for 'APU' is selected.
18:22:22 INFO  : 'stop' command is executed.
18:22:22 INFO  : 'ps7_init' command is executed.
18:22:22 INFO  : 'ps7_post_config' command is executed.
18:22:22 INFO  : Context for processor 'ps7_cortexa9_0' is selected.
18:22:22 INFO  : Processor reset is completed for 'ps7_cortexa9_0'.
18:22:22 INFO  : Context for processor 'ps7_cortexa9_0' is selected.
18:22:22 INFO  : The application 'C:/project_1/project_1.sdk/led_test/Debug/led_test.elf' is downloaded to processor 'ps7_cortexa9_0'.
18:22:22 INFO  : 'configparams force-mem-access 0' command is executed.
18:22:22 INFO  : ----------------XSDB Script----------------
connect -url tcp:127.0.0.1:3121
source C:/project_1/project_1.sdk/zynq_custom_wrapper_hw_platform_0/ps7_init.tcl
targets -set -nocase -filter {name =~"APU*" && jtag_cable_name =~ "Digilent JTAG-SMT1 210203A3CF98A"} -index 0
loadhw -hw C:/project_1/project_1.sdk/zynq_custom_wrapper_hw_platform_0/system.hdf -mem-ranges [list {0x40000000 0xbfffffff}]
configparams force-mem-access 1
targets -set -nocase -filter {name =~"APU*" && jtag_cable_name =~ "Digilent JTAG-SMT1 210203A3CF98A"} -index 0
stop
ps7_init
ps7_post_config
targets -set -nocase -filter {name =~ "ARM*#0" && jtag_cable_name =~ "Digilent JTAG-SMT1 210203A3CF98A"} -index 0
rst -processor
targets -set -nocase -filter {name =~ "ARM*#0" && jtag_cable_name =~ "Digilent JTAG-SMT1 210203A3CF98A"} -index 0
dow C:/project_1/project_1.sdk/led_test/Debug/led_test.elf
configparams force-mem-access 0
----------------End of Script----------------

18:22:33 INFO  : Disconnected from the channel tcfchan#2.
18:23:12 INFO  : 'targets -set -filter {jtag_cable_name =~ "Digilent JTAG-SMT1 210203A3CF98A" && level==0} -index 1' command is executed.
18:23:12 INFO  : 'fpga -state' command is executed.
18:23:12 INFO  : Connected to target on host '127.0.0.1' and port '3121'.
18:23:12 INFO  : Jtag cable 'Digilent JTAG-SMT1 210203A3CF98A' is selected.
18:23:12 INFO  : 'jtag frequency' command is executed.
18:23:12 INFO  : Sourcing of 'C:/project_1/project_1.sdk/zynq_custom_wrapper_hw_platform_0/ps7_init.tcl' is done.
18:23:13 INFO  : Context for 'APU' is selected.
18:23:15 INFO  : Hardware design information is loaded from 'C:/project_1/project_1.sdk/zynq_custom_wrapper_hw_platform_0/system.hdf'.
18:23:15 INFO  : 'configparams force-mem-access 1' command is executed.
18:23:16 INFO  : Context for 'APU' is selected.
18:23:16 INFO  : 'stop' command is executed.
18:23:16 INFO  : 'ps7_init' command is executed.
18:23:16 INFO  : 'ps7_post_config' command is executed.
18:23:17 INFO  : Context for processor 'ps7_cortexa9_0' is selected.
18:23:17 INFO  : Processor reset is completed for 'ps7_cortexa9_0'.
18:23:18 INFO  : Context for processor 'ps7_cortexa9_0' is selected.
18:23:18 INFO  : The application 'C:/project_1/project_1.sdk/led_test/Debug/led_test.elf' is downloaded to processor 'ps7_cortexa9_0'.
18:23:18 INFO  : 'configparams force-mem-access 0' command is executed.
18:23:18 INFO  : ----------------XSDB Script----------------
connect -url tcp:127.0.0.1:3121
source C:/project_1/project_1.sdk/zynq_custom_wrapper_hw_platform_0/ps7_init.tcl
targets -set -nocase -filter {name =~"APU*" && jtag_cable_name =~ "Digilent JTAG-SMT1 210203A3CF98A"} -index 0
loadhw -hw C:/project_1/project_1.sdk/zynq_custom_wrapper_hw_platform_0/system.hdf -mem-ranges [list {0x40000000 0xbfffffff}]
configparams force-mem-access 1
targets -set -nocase -filter {name =~"APU*" && jtag_cable_name =~ "Digilent JTAG-SMT1 210203A3CF98A"} -index 0
stop
ps7_init
ps7_post_config
targets -set -nocase -filter {name =~ "ARM*#0" && jtag_cable_name =~ "Digilent JTAG-SMT1 210203A3CF98A"} -index 0
rst -processor
targets -set -nocase -filter {name =~ "ARM*#0" && jtag_cable_name =~ "Digilent JTAG-SMT1 210203A3CF98A"} -index 0
dow C:/project_1/project_1.sdk/led_test/Debug/led_test.elf
configparams force-mem-access 0
----------------End of Script----------------

18:23:19 INFO  : Context for processor 'ps7_cortexa9_0' is selected.
18:23:19 INFO  : 'con' command is executed.
18:23:19 INFO  : ----------------XSDB Script (After Launch)----------------
targets -set -nocase -filter {name =~ "ARM*#0" && jtag_cable_name =~ "Digilent JTAG-SMT1 210203A3CF98A"} -index 0
con
----------------End of Script----------------

18:23:19 INFO  : Disconnected from the channel tcfchan#3.
18:31:12 INFO  : Connected to target on host '127.0.0.1' and port '3121'.
18:31:14 INFO  : 'targets -set -filter {jtag_cable_name =~ "Digilent JTAG-SMT1 210203A3CF98A" && level==0} -index 1' command is executed.
18:31:16 INFO  : FPGA configured successfully with bitstream "C:/project_1/project_1.sdk/zynq_custom_wrapper_hw_platform_0/zynq_custom_wrapper.bit"
18:31:40 INFO  : Connected to target on host '127.0.0.1' and port '3121'.
18:31:40 INFO  : 'targets -set -filter {jtag_cable_name =~ "Digilent JTAG-SMT1 210203A3CF98A" && level==0} -index 1' command is executed.
18:31:42 INFO  : FPGA configured successfully with bitstream "C:/project_1/project_1.sdk/zynq_custom_wrapper_hw_platform_0/zynq_custom_wrapper.bit"
18:32:01 INFO  : 'targets -set -filter {jtag_cable_name =~ "Digilent JTAG-SMT1 210203A3CF98A" && level==0} -index 1' command is executed.
18:32:01 INFO  : 'fpga -state' command is executed.
18:32:01 INFO  : Connected to target on host '127.0.0.1' and port '3121'.
18:32:01 INFO  : Jtag cable 'Digilent JTAG-SMT1 210203A3CF98A' is selected.
18:32:01 INFO  : 'jtag frequency' command is executed.
18:32:01 INFO  : Sourcing of 'C:/project_1/project_1.sdk/zynq_custom_wrapper_hw_platform_0/ps7_init.tcl' is done.
18:32:01 INFO  : Context for 'APU' is selected.
18:32:01 INFO  : Hardware design information is loaded from 'C:/project_1/project_1.sdk/zynq_custom_wrapper_hw_platform_0/system.hdf'.
18:32:01 INFO  : 'configparams force-mem-access 1' command is executed.
18:32:01 INFO  : Context for 'APU' is selected.
18:32:01 INFO  : 'stop' command is executed.
18:32:02 INFO  : 'ps7_init' command is executed.
18:32:02 INFO  : 'ps7_post_config' command is executed.
18:32:02 INFO  : Context for processor 'ps7_cortexa9_0' is selected.
18:32:02 INFO  : Processor reset is completed for 'ps7_cortexa9_0'.
18:32:02 INFO  : Context for processor 'ps7_cortexa9_0' is selected.
18:32:02 INFO  : The application 'C:/project_1/project_1.sdk/led_test/Debug/led_test.elf' is downloaded to processor 'ps7_cortexa9_0'.
18:32:02 INFO  : 'configparams force-mem-access 0' command is executed.
18:32:02 INFO  : ----------------XSDB Script----------------
connect -url tcp:127.0.0.1:3121
source C:/project_1/project_1.sdk/zynq_custom_wrapper_hw_platform_0/ps7_init.tcl
targets -set -nocase -filter {name =~"APU*" && jtag_cable_name =~ "Digilent JTAG-SMT1 210203A3CF98A"} -index 0
loadhw -hw C:/project_1/project_1.sdk/zynq_custom_wrapper_hw_platform_0/system.hdf -mem-ranges [list {0x40000000 0xbfffffff}]
configparams force-mem-access 1
targets -set -nocase -filter {name =~"APU*" && jtag_cable_name =~ "Digilent JTAG-SMT1 210203A3CF98A"} -index 0
stop
ps7_init
ps7_post_config
targets -set -nocase -filter {name =~ "ARM*#0" && jtag_cable_name =~ "Digilent JTAG-SMT1 210203A3CF98A"} -index 0
rst -processor
targets -set -nocase -filter {name =~ "ARM*#0" && jtag_cable_name =~ "Digilent JTAG-SMT1 210203A3CF98A"} -index 0
dow C:/project_1/project_1.sdk/led_test/Debug/led_test.elf
configparams force-mem-access 0
----------------End of Script----------------

18:32:02 INFO  : Context for processor 'ps7_cortexa9_0' is selected.
18:32:02 INFO  : 'con' command is executed.
18:32:02 INFO  : ----------------XSDB Script (After Launch)----------------
targets -set -nocase -filter {name =~ "ARM*#0" && jtag_cable_name =~ "Digilent JTAG-SMT1 210203A3CF98A"} -index 0
con
----------------End of Script----------------

18:32:02 INFO  : Disconnected from the channel tcfchan#4.
18:40:52 INFO  : Registering command handlers for SDK TCF services
18:40:53 INFO  : Launching XSCT server: xsct.bat -interactive C:\project_1\project_1.sdk\temp_xsdb_launch_script.tcl
18:40:55 INFO  : XSCT server has started successfully.
18:40:55 INFO  : Restoring local repository preferences: 
		 C:\ip_repo\myip_1.0
18:40:55 INFO  : Successfully done setting XSCT server connection channel  
18:40:55 INFO  : Processing command line option -hwspec C:/project_1/project_1.sdk/zynq_custom_wrapper.hdf.
18:40:55 INFO  : Successfully done setting SDK workspace  
18:40:56 INFO  : Checking for hwspec changes in the project zynq_custom_wrapper_hw_platform_0.
18:41:02 INFO  : Connected to target on host '127.0.0.1' and port '3121'.
18:41:04 INFO  : 'targets -set -filter {jtag_cable_name =~ "Digilent JTAG-SMT1 210203A3CF98A" && level==0} -index 1' command is executed.
18:41:07 INFO  : FPGA configured successfully with bitstream "C:/project_1/project_1.sdk/zynq_custom_wrapper_hw_platform_0/zynq_custom_wrapper.bit"
18:41:16 INFO  : 'targets -set -filter {jtag_cable_name =~ "Digilent JTAG-SMT1 210203A3CF98A" && level==0} -index 1' command is executed.
18:41:16 INFO  : 'fpga -state' command is executed.
18:41:16 INFO  : Connected to target on host '127.0.0.1' and port '3121'.
18:41:17 INFO  : Jtag cable 'Digilent JTAG-SMT1 210203A3CF98A' is selected.
18:41:17 INFO  : 'jtag frequency' command is executed.
18:41:17 INFO  : Sourcing of 'C:/project_1/project_1.sdk/zynq_custom_wrapper_hw_platform_0/ps7_init.tcl' is done.
18:41:17 INFO  : Context for 'APU' is selected.
18:41:17 INFO  : Hardware design information is loaded from 'C:/project_1/project_1.sdk/zynq_custom_wrapper_hw_platform_0/system.hdf'.
18:41:17 INFO  : 'configparams force-mem-access 1' command is executed.
18:41:17 INFO  : Context for 'APU' is selected.
18:41:17 INFO  : 'stop' command is executed.
18:41:21 INFO  : 'ps7_init' command is executed.
18:41:21 INFO  : 'ps7_post_config' command is executed.
18:41:21 INFO  : Context for processor 'ps7_cortexa9_0' is selected.
18:41:21 INFO  : Processor reset is completed for 'ps7_cortexa9_0'.
18:41:21 INFO  : Context for processor 'ps7_cortexa9_0' is selected.
18:41:23 ERROR : Memory write error at 0x100000. AP transaction timeout
18:41:23 INFO  : ----------------XSDB Script----------------
connect -url tcp:127.0.0.1:3121
source C:/project_1/project_1.sdk/zynq_custom_wrapper_hw_platform_0/ps7_init.tcl
targets -set -nocase -filter {name =~"APU*" && jtag_cable_name =~ "Digilent JTAG-SMT1 210203A3CF98A"} -index 0
loadhw -hw C:/project_1/project_1.sdk/zynq_custom_wrapper_hw_platform_0/system.hdf -mem-ranges [list {0x40000000 0xbfffffff}]
configparams force-mem-access 1
targets -set -nocase -filter {name =~"APU*" && jtag_cable_name =~ "Digilent JTAG-SMT1 210203A3CF98A"} -index 0
stop
ps7_init
ps7_post_config
targets -set -nocase -filter {name =~ "ARM*#0" && jtag_cable_name =~ "Digilent JTAG-SMT1 210203A3CF98A"} -index 0
rst -processor
targets -set -nocase -filter {name =~ "ARM*#0" && jtag_cable_name =~ "Digilent JTAG-SMT1 210203A3CF98A"} -index 0
dow C:/project_1/project_1.sdk/led_test/Debug/led_test.elf
----------------End of Script----------------

18:41:48 INFO  : 'targets -set -filter {jtag_cable_name =~ "Digilent JTAG-SMT1 210203A3CF98A" && level==0} -index 1' command is executed.
18:41:48 INFO  : 'fpga -state' command is executed.
18:41:48 INFO  : Connected to target on host '127.0.0.1' and port '3121'.
18:41:48 INFO  : Jtag cable 'Digilent JTAG-SMT1 210203A3CF98A' is selected.
18:41:48 INFO  : 'jtag frequency' command is executed.
18:41:48 INFO  : Sourcing of 'C:/project_1/project_1.sdk/zynq_custom_wrapper_hw_platform_0/ps7_init.tcl' is done.
18:41:48 INFO  : Context for 'APU' is selected.
18:41:48 INFO  : Hardware design information is loaded from 'C:/project_1/project_1.sdk/zynq_custom_wrapper_hw_platform_0/system.hdf'.
18:41:48 INFO  : 'configparams force-mem-access 1' command is executed.
18:41:48 INFO  : Context for 'APU' is selected.
18:41:48 INFO  : 'stop' command is executed.
18:41:48 ERROR : AP transaction error, DAP status f0000021
18:41:48 INFO  : ----------------XSDB Script----------------
connect -url tcp:127.0.0.1:3121
source C:/project_1/project_1.sdk/zynq_custom_wrapper_hw_platform_0/ps7_init.tcl
targets -set -nocase -filter {name =~"APU*" && jtag_cable_name =~ "Digilent JTAG-SMT1 210203A3CF98A"} -index 0
loadhw -hw C:/project_1/project_1.sdk/zynq_custom_wrapper_hw_platform_0/system.hdf -mem-ranges [list {0x40000000 0xbfffffff}]
configparams force-mem-access 1
targets -set -nocase -filter {name =~"APU*" && jtag_cable_name =~ "Digilent JTAG-SMT1 210203A3CF98A"} -index 0
stop
ps7_init
----------------End of Script----------------

18:42:20 INFO  : 'targets -set -filter {jtag_cable_name =~ "Digilent JTAG-SMT1 210203A3CF98A" && level==0} -index 1' command is executed.
18:42:20 INFO  : 'fpga -state' command is executed.
18:42:20 INFO  : Connected to target on host '127.0.0.1' and port '3121'.
18:42:20 INFO  : Jtag cable 'Digilent JTAG-SMT1 210203A3CF98A' is selected.
18:42:20 INFO  : 'jtag frequency' command is executed.
18:42:20 INFO  : Sourcing of 'C:/project_1/project_1.sdk/zynq_custom_wrapper_hw_platform_0/ps7_init.tcl' is done.
18:42:24 ERROR : no targets found with "name =~"APU*" && jtag_cable_name =~ "Digilent JTAG-SMT1 210203A3CF98A"". available targets:
  1  DAP (JTAG port open error. AP transaction error, DAP status 30000021)
  4* xc7z020
18:42:24 INFO  : ----------------XSDB Script----------------
connect -url tcp:127.0.0.1:3121
source C:/project_1/project_1.sdk/zynq_custom_wrapper_hw_platform_0/ps7_init.tcl
targets -set -nocase -filter {name =~"APU*" && jtag_cable_name =~ "Digilent JTAG-SMT1 210203A3CF98A"} -index 0
----------------End of Script----------------

18:42:54 INFO  : Connected to target on host '127.0.0.1' and port '3121'.
18:42:55 INFO  : 'targets -set -filter {jtag_cable_name =~ "Digilent JTAG-SMT1 210203A3CF98A" && level==0} -index 1' command is executed.
18:42:58 INFO  : FPGA configured successfully with bitstream "C:/project_1/project_1.sdk/zynq_custom_wrapper_hw_platform_0/zynq_custom_wrapper.bit"
18:43:15 INFO  : 'targets -set -filter {jtag_cable_name =~ "Digilent JTAG-SMT1 210203A3CF98A" && level==0} -index 1' command is executed.
18:43:15 INFO  : 'fpga -state' command is executed.
18:43:15 INFO  : Connected to target on host '127.0.0.1' and port '3121'.
18:43:16 INFO  : Jtag cable 'Digilent JTAG-SMT1 210203A3CF98A' is selected.
18:43:16 INFO  : 'jtag frequency' command is executed.
18:43:16 INFO  : Sourcing of 'C:/project_1/project_1.sdk/zynq_custom_wrapper_hw_platform_0/ps7_init.tcl' is done.
18:43:16 INFO  : Context for 'APU' is selected.
18:43:16 INFO  : Hardware design information is loaded from 'C:/project_1/project_1.sdk/zynq_custom_wrapper_hw_platform_0/system.hdf'.
18:43:16 INFO  : 'configparams force-mem-access 1' command is executed.
18:43:16 INFO  : Context for 'APU' is selected.
18:43:16 INFO  : 'stop' command is executed.
18:43:16 INFO  : 'ps7_init' command is executed.
18:43:16 INFO  : 'ps7_post_config' command is executed.
18:43:16 INFO  : Context for processor 'ps7_cortexa9_0' is selected.
18:43:17 INFO  : Processor reset is completed for 'ps7_cortexa9_0'.
18:43:17 INFO  : Context for processor 'ps7_cortexa9_0' is selected.
18:43:17 INFO  : The application 'C:/project_1/project_1.sdk/led_test/Debug/led_test.elf' is downloaded to processor 'ps7_cortexa9_0'.
18:43:17 INFO  : 'configparams force-mem-access 0' command is executed.
18:43:17 INFO  : ----------------XSDB Script----------------
connect -url tcp:127.0.0.1:3121
source C:/project_1/project_1.sdk/zynq_custom_wrapper_hw_platform_0/ps7_init.tcl
targets -set -nocase -filter {name =~"APU*" && jtag_cable_name =~ "Digilent JTAG-SMT1 210203A3CF98A"} -index 0
loadhw -hw C:/project_1/project_1.sdk/zynq_custom_wrapper_hw_platform_0/system.hdf -mem-ranges [list {0x40000000 0xbfffffff}]
configparams force-mem-access 1
targets -set -nocase -filter {name =~"APU*" && jtag_cable_name =~ "Digilent JTAG-SMT1 210203A3CF98A"} -index 0
stop
ps7_init
ps7_post_config
targets -set -nocase -filter {name =~ "ARM*#0" && jtag_cable_name =~ "Digilent JTAG-SMT1 210203A3CF98A"} -index 0
rst -processor
targets -set -nocase -filter {name =~ "ARM*#0" && jtag_cable_name =~ "Digilent JTAG-SMT1 210203A3CF98A"} -index 0
dow C:/project_1/project_1.sdk/led_test/Debug/led_test.elf
configparams force-mem-access 0
----------------End of Script----------------

18:43:17 INFO  : Context for processor 'ps7_cortexa9_0' is selected.
18:43:17 INFO  : 'con' command is executed.
18:43:17 INFO  : ----------------XSDB Script (After Launch)----------------
targets -set -nocase -filter {name =~ "ARM*#0" && jtag_cable_name =~ "Digilent JTAG-SMT1 210203A3CF98A"} -index 0
con
----------------End of Script----------------

18:43:17 INFO  : Disconnected from the channel tcfchan#1.
18:48:01 INFO  : Connected to target on host '127.0.0.1' and port '3121'.
18:48:02 INFO  : 'targets -set -filter {jtag_cable_name =~ "Digilent JTAG-SMT1 210203A3CF98A" && level==0} -index 1' command is executed.
18:48:05 INFO  : FPGA configured successfully with bitstream "C:/project_1/project_1.sdk/zynq_custom_wrapper_hw_platform_0/zynq_custom_wrapper.bit"
18:48:16 INFO  : 'targets -set -filter {jtag_cable_name =~ "Digilent JTAG-SMT1 210203A3CF98A" && level==0} -index 1' command is executed.
18:48:16 INFO  : 'fpga -state' command is executed.
18:48:16 INFO  : Connected to target on host '127.0.0.1' and port '3121'.
18:48:17 INFO  : Jtag cable 'Digilent JTAG-SMT1 210203A3CF98A' is selected.
18:48:17 INFO  : 'jtag frequency' command is executed.
18:48:17 INFO  : Sourcing of 'C:/project_1/project_1.sdk/zynq_custom_wrapper_hw_platform_0/ps7_init.tcl' is done.
18:48:17 INFO  : Context for 'APU' is selected.
18:48:17 INFO  : Hardware design information is loaded from 'C:/project_1/project_1.sdk/zynq_custom_wrapper_hw_platform_0/system.hdf'.
18:48:17 INFO  : 'configparams force-mem-access 1' command is executed.
18:48:17 INFO  : Context for 'APU' is selected.
18:48:17 INFO  : 'stop' command is executed.
18:48:17 INFO  : 'ps7_init' command is executed.
18:48:17 INFO  : 'ps7_post_config' command is executed.
18:48:17 INFO  : Context for processor 'ps7_cortexa9_0' is selected.
18:48:17 INFO  : Processor reset is completed for 'ps7_cortexa9_0'.
18:48:17 INFO  : Context for processor 'ps7_cortexa9_0' is selected.
18:48:18 INFO  : The application 'C:/project_1/project_1.sdk/led_test/Debug/led_test.elf' is downloaded to processor 'ps7_cortexa9_0'.
18:48:18 INFO  : 'configparams force-mem-access 0' command is executed.
18:48:18 INFO  : ----------------XSDB Script----------------
connect -url tcp:127.0.0.1:3121
source C:/project_1/project_1.sdk/zynq_custom_wrapper_hw_platform_0/ps7_init.tcl
targets -set -nocase -filter {name =~"APU*" && jtag_cable_name =~ "Digilent JTAG-SMT1 210203A3CF98A"} -index 0
loadhw -hw C:/project_1/project_1.sdk/zynq_custom_wrapper_hw_platform_0/system.hdf -mem-ranges [list {0x40000000 0xbfffffff}]
configparams force-mem-access 1
targets -set -nocase -filter {name =~"APU*" && jtag_cable_name =~ "Digilent JTAG-SMT1 210203A3CF98A"} -index 0
stop
ps7_init
ps7_post_config
targets -set -nocase -filter {name =~ "ARM*#0" && jtag_cable_name =~ "Digilent JTAG-SMT1 210203A3CF98A"} -index 0
rst -processor
targets -set -nocase -filter {name =~ "ARM*#0" && jtag_cable_name =~ "Digilent JTAG-SMT1 210203A3CF98A"} -index 0
dow C:/project_1/project_1.sdk/led_test/Debug/led_test.elf
configparams force-mem-access 0
----------------End of Script----------------

18:48:18 INFO  : Context for processor 'ps7_cortexa9_0' is selected.
18:48:18 INFO  : 'con' command is executed.
18:48:18 INFO  : ----------------XSDB Script (After Launch)----------------
targets -set -nocase -filter {name =~ "ARM*#0" && jtag_cable_name =~ "Digilent JTAG-SMT1 210203A3CF98A"} -index 0
con
----------------End of Script----------------

18:48:18 INFO  : Disconnected from the channel tcfchan#2.
18:51:42 INFO  : Connected to target on host '127.0.0.1' and port '3121'.
18:51:44 INFO  : 'targets -set -filter {jtag_cable_name =~ "Digilent JTAG-SMT1 210203A3CF98A" && level==0} -index 1' command is executed.
18:51:47 INFO  : FPGA configured successfully with bitstream "C:/project_1/project_1.sdk/zynq_custom_wrapper_hw_platform_0/zynq_custom_wrapper.bit"
18:51:58 INFO  : 'targets -set -filter {jtag_cable_name =~ "Digilent JTAG-SMT1 210203A3CF98A" && level==0} -index 1' command is executed.
18:51:58 INFO  : 'fpga -state' command is executed.
18:51:58 INFO  : Connected to target on host '127.0.0.1' and port '3121'.
18:51:58 INFO  : Jtag cable 'Digilent JTAG-SMT1 210203A3CF98A' is selected.
18:51:58 INFO  : 'jtag frequency' command is executed.
18:51:58 INFO  : Sourcing of 'C:/project_1/project_1.sdk/zynq_custom_wrapper_hw_platform_0/ps7_init.tcl' is done.
18:51:58 INFO  : Context for 'APU' is selected.
18:51:58 INFO  : Hardware design information is loaded from 'C:/project_1/project_1.sdk/zynq_custom_wrapper_hw_platform_0/system.hdf'.
18:51:58 INFO  : 'configparams force-mem-access 1' command is executed.
18:51:59 INFO  : Context for 'APU' is selected.
18:51:59 INFO  : 'stop' command is executed.
18:51:59 INFO  : 'ps7_init' command is executed.
18:51:59 INFO  : 'ps7_post_config' command is executed.
18:51:59 INFO  : Context for processor 'ps7_cortexa9_0' is selected.
18:51:59 INFO  : Processor reset is completed for 'ps7_cortexa9_0'.
18:51:59 INFO  : Context for processor 'ps7_cortexa9_0' is selected.
18:51:59 INFO  : The application 'C:/project_1/project_1.sdk/led_test/Debug/led_test.elf' is downloaded to processor 'ps7_cortexa9_0'.
18:51:59 INFO  : 'configparams force-mem-access 0' command is executed.
18:51:59 INFO  : ----------------XSDB Script----------------
connect -url tcp:127.0.0.1:3121
source C:/project_1/project_1.sdk/zynq_custom_wrapper_hw_platform_0/ps7_init.tcl
targets -set -nocase -filter {name =~"APU*" && jtag_cable_name =~ "Digilent JTAG-SMT1 210203A3CF98A"} -index 0
loadhw -hw C:/project_1/project_1.sdk/zynq_custom_wrapper_hw_platform_0/system.hdf -mem-ranges [list {0x40000000 0xbfffffff}]
configparams force-mem-access 1
targets -set -nocase -filter {name =~"APU*" && jtag_cable_name =~ "Digilent JTAG-SMT1 210203A3CF98A"} -index 0
stop
ps7_init
ps7_post_config
targets -set -nocase -filter {name =~ "ARM*#0" && jtag_cable_name =~ "Digilent JTAG-SMT1 210203A3CF98A"} -index 0
rst -processor
targets -set -nocase -filter {name =~ "ARM*#0" && jtag_cable_name =~ "Digilent JTAG-SMT1 210203A3CF98A"} -index 0
dow C:/project_1/project_1.sdk/led_test/Debug/led_test.elf
configparams force-mem-access 0
----------------End of Script----------------

18:51:59 INFO  : Context for processor 'ps7_cortexa9_0' is selected.
18:51:59 INFO  : 'con' command is executed.
18:51:59 INFO  : ----------------XSDB Script (After Launch)----------------
targets -set -nocase -filter {name =~ "ARM*#0" && jtag_cable_name =~ "Digilent JTAG-SMT1 210203A3CF98A"} -index 0
con
----------------End of Script----------------

18:51:59 INFO  : Disconnected from the channel tcfchan#3.
19:03:06 INFO  : Connected to target on host '127.0.0.1' and port '3121'.
19:03:08 INFO  : 'targets -set -filter {jtag_cable_name =~ "Digilent JTAG-SMT1 210203A3CF98A" && level==0} -index 1' command is executed.
19:03:10 INFO  : FPGA configured successfully with bitstream "C:/project_1/project_1.sdk/zynq_custom_wrapper_hw_platform_0/zynq_custom_wrapper.bit"
19:03:48 INFO  : Registering command handlers for SDK TCF services
19:03:48 INFO  : Launching XSCT server: xsct.bat -interactive C:\project_1\project_1.sdk\temp_xsdb_launch_script.tcl
19:03:50 INFO  : XSCT server has started successfully.
19:03:50 INFO  : Successfully done setting XSCT server connection channel  
19:03:51 INFO  : Restoring local repository preferences: 
		 C:\ip_repo\myip_1.0
19:03:51 INFO  : Successfully done setting SDK workspace  
19:03:51 INFO  : Processing command line option -hwspec C:/project_1/project_1.sdk/zynq_custom_wrapper.hdf.
19:03:51 INFO  : Checking for hwspec changes in the project zynq_custom_wrapper_hw_platform_0.
19:04:16 INFO  : Connected to target on host '127.0.0.1' and port '3121'.
19:04:17 INFO  : 'targets -set -filter {jtag_cable_name =~ "Digilent JTAG-SMT1 210203A3CF98A" && level==0} -index 1' command is executed.
19:04:20 INFO  : FPGA configured successfully with bitstream "C:/project_1/project_1.sdk/zynq_custom_wrapper_hw_platform_0/zynq_custom_wrapper.bit"
19:04:33 INFO  : 'targets -set -filter {jtag_cable_name =~ "Digilent JTAG-SMT1 210203A3CF98A" && level==0} -index 1' command is executed.
19:04:33 INFO  : 'fpga -state' command is executed.
19:04:33 INFO  : Connected to target on host '127.0.0.1' and port '3121'.
19:04:34 INFO  : Jtag cable 'Digilent JTAG-SMT1 210203A3CF98A' is selected.
19:04:34 INFO  : 'jtag frequency' command is executed.
19:04:34 INFO  : Sourcing of 'C:/project_1/project_1.sdk/zynq_custom_wrapper_hw_platform_0/ps7_init.tcl' is done.
19:04:34 INFO  : Context for 'APU' is selected.
19:04:34 INFO  : Hardware design information is loaded from 'C:/project_1/project_1.sdk/zynq_custom_wrapper_hw_platform_0/system.hdf'.
19:04:34 INFO  : 'configparams force-mem-access 1' command is executed.
19:04:34 INFO  : Context for 'APU' is selected.
19:04:34 INFO  : 'stop' command is executed.
19:04:34 INFO  : 'ps7_init' command is executed.
19:04:34 INFO  : 'ps7_post_config' command is executed.
19:04:34 INFO  : Context for processor 'ps7_cortexa9_0' is selected.
19:04:34 INFO  : Processor reset is completed for 'ps7_cortexa9_0'.
19:04:34 INFO  : Context for processor 'ps7_cortexa9_0' is selected.
19:04:34 INFO  : The application 'C:/project_1/project_1.sdk/led_test/Debug/led_test.elf' is downloaded to processor 'ps7_cortexa9_0'.
19:04:34 INFO  : 'configparams force-mem-access 0' command is executed.
19:04:34 INFO  : ----------------XSDB Script----------------
connect -url tcp:127.0.0.1:3121
source C:/project_1/project_1.sdk/zynq_custom_wrapper_hw_platform_0/ps7_init.tcl
targets -set -nocase -filter {name =~"APU*" && jtag_cable_name =~ "Digilent JTAG-SMT1 210203A3CF98A"} -index 0
loadhw -hw C:/project_1/project_1.sdk/zynq_custom_wrapper_hw_platform_0/system.hdf -mem-ranges [list {0x40000000 0xbfffffff}]
configparams force-mem-access 1
targets -set -nocase -filter {name =~"APU*" && jtag_cable_name =~ "Digilent JTAG-SMT1 210203A3CF98A"} -index 0
stop
ps7_init
ps7_post_config
targets -set -nocase -filter {name =~ "ARM*#0" && jtag_cable_name =~ "Digilent JTAG-SMT1 210203A3CF98A"} -index 0
rst -processor
targets -set -nocase -filter {name =~ "ARM*#0" && jtag_cable_name =~ "Digilent JTAG-SMT1 210203A3CF98A"} -index 0
dow C:/project_1/project_1.sdk/led_test/Debug/led_test.elf
configparams force-mem-access 0
----------------End of Script----------------

19:04:35 INFO  : Context for processor 'ps7_cortexa9_0' is selected.
19:04:35 INFO  : 'con' command is executed.
19:04:35 INFO  : ----------------XSDB Script (After Launch)----------------
targets -set -nocase -filter {name =~ "ARM*#0" && jtag_cable_name =~ "Digilent JTAG-SMT1 210203A3CF98A"} -index 0
con
----------------End of Script----------------

19:04:35 INFO  : Disconnected from the channel tcfchan#1.
19:05:56 INFO  : Connected to target on host '127.0.0.1' and port '3121'.
19:05:58 INFO  : 'targets -set -filter {jtag_cable_name =~ "Digilent JTAG-SMT1 210203A3CF98A" && level==0} -index 1' command is executed.
19:06:01 INFO  : FPGA configured successfully with bitstream "C:/project_1/project_1.sdk/zynq_custom_wrapper_hw_platform_0/zynq_custom_wrapper.bit"
19:06:25 INFO  : 'targets -set -filter {jtag_cable_name =~ "Digilent JTAG-SMT1 210203A3CF98A" && level==0} -index 1' command is executed.
19:06:25 INFO  : 'fpga -state' command is executed.
19:06:25 INFO  : Connected to target on host '127.0.0.1' and port '3121'.
19:06:25 INFO  : Jtag cable 'Digilent JTAG-SMT1 210203A3CF98A' is selected.
19:06:25 INFO  : 'jtag frequency' command is executed.
19:06:25 INFO  : Sourcing of 'C:/project_1/project_1.sdk/zynq_custom_wrapper_hw_platform_0/ps7_init.tcl' is done.
19:06:25 INFO  : Context for 'APU' is selected.
19:06:25 INFO  : Hardware design information is loaded from 'C:/project_1/project_1.sdk/zynq_custom_wrapper_hw_platform_0/system.hdf'.
19:06:25 INFO  : 'configparams force-mem-access 1' command is executed.
19:06:25 INFO  : Context for 'APU' is selected.
19:06:25 INFO  : 'stop' command is executed.
19:06:26 INFO  : 'ps7_init' command is executed.
19:06:26 INFO  : 'ps7_post_config' command is executed.
19:06:27 INFO  : Context for processor 'ps7_cortexa9_0' is selected.
19:06:27 INFO  : Processor reset is completed for 'ps7_cortexa9_0'.
19:06:27 INFO  : Context for processor 'ps7_cortexa9_0' is selected.
19:06:27 INFO  : The application 'C:/project_1/project_1.sdk/led_test/Debug/led_test.elf' is downloaded to processor 'ps7_cortexa9_0'.
19:06:27 INFO  : 'configparams force-mem-access 0' command is executed.
19:06:27 INFO  : ----------------XSDB Script----------------
connect -url tcp:127.0.0.1:3121
source C:/project_1/project_1.sdk/zynq_custom_wrapper_hw_platform_0/ps7_init.tcl
targets -set -nocase -filter {name =~"APU*" && jtag_cable_name =~ "Digilent JTAG-SMT1 210203A3CF98A"} -index 0
loadhw -hw C:/project_1/project_1.sdk/zynq_custom_wrapper_hw_platform_0/system.hdf -mem-ranges [list {0x40000000 0xbfffffff}]
configparams force-mem-access 1
targets -set -nocase -filter {name =~"APU*" && jtag_cable_name =~ "Digilent JTAG-SMT1 210203A3CF98A"} -index 0
stop
ps7_init
ps7_post_config
targets -set -nocase -filter {name =~ "ARM*#0" && jtag_cable_name =~ "Digilent JTAG-SMT1 210203A3CF98A"} -index 0
rst -processor
targets -set -nocase -filter {name =~ "ARM*#0" && jtag_cable_name =~ "Digilent JTAG-SMT1 210203A3CF98A"} -index 0
dow C:/project_1/project_1.sdk/led_test/Debug/led_test.elf
configparams force-mem-access 0
----------------End of Script----------------

19:06:27 INFO  : Context for processor 'ps7_cortexa9_0' is selected.
19:06:27 INFO  : 'con' command is executed.
19:06:27 INFO  : ----------------XSDB Script (After Launch)----------------
targets -set -nocase -filter {name =~ "ARM*#0" && jtag_cable_name =~ "Digilent JTAG-SMT1 210203A3CF98A"} -index 0
con
----------------End of Script----------------

19:06:27 INFO  : Disconnected from the channel tcfchan#2.
19:15:43 INFO  : Registering command handlers for SDK TCF services
19:15:43 INFO  : Launching XSCT server: xsct.bat -interactive C:\project_1\project_1.sdk\temp_xsdb_launch_script.tcl
19:15:46 INFO  : XSCT server has started successfully.
19:15:47 INFO  : Restoring local repository preferences: 
		 C:\ip_repo\myip_1.0
19:15:47 INFO  : Successfully done setting XSCT server connection channel  
19:15:47 INFO  : Processing command line option -hwspec C:/project_1/project_1.sdk/zynq_custom_wrapper.hdf.
19:15:47 INFO  : Successfully done setting SDK workspace  
19:15:47 INFO  : Checking for hwspec changes in the project zynq_custom_wrapper_hw_platform_0.
19:15:56 INFO  : Connected to target on host '127.0.0.1' and port '3121'.
19:15:58 INFO  : 'targets -set -filter {jtag_cable_name =~ "Digilent JTAG-SMT1 210203A3CF98A" && level==0} -index 1' command is executed.
19:16:00 INFO  : FPGA configured successfully with bitstream "C:/project_1/project_1.sdk/zynq_custom_wrapper_hw_platform_0/zynq_custom_wrapper.bit"
19:16:14 INFO  : 'targets -set -filter {jtag_cable_name =~ "Digilent JTAG-SMT1 210203A3CF98A" && level==0} -index 1' command is executed.
19:16:14 INFO  : 'fpga -state' command is executed.
19:16:14 INFO  : Connected to target on host '127.0.0.1' and port '3121'.
19:16:14 INFO  : Jtag cable 'Digilent JTAG-SMT1 210203A3CF98A' is selected.
19:16:14 INFO  : 'jtag frequency' command is executed.
19:16:14 INFO  : Sourcing of 'C:/project_1/project_1.sdk/zynq_custom_wrapper_hw_platform_0/ps7_init.tcl' is done.
19:16:14 INFO  : Context for 'APU' is selected.
19:16:14 INFO  : Hardware design information is loaded from 'C:/project_1/project_1.sdk/zynq_custom_wrapper_hw_platform_0/system.hdf'.
19:16:14 INFO  : 'configparams force-mem-access 1' command is executed.
19:16:14 INFO  : Context for 'APU' is selected.
19:16:14 INFO  : 'stop' command is executed.
19:16:15 INFO  : 'ps7_init' command is executed.
19:16:15 INFO  : 'ps7_post_config' command is executed.
19:16:15 INFO  : Context for processor 'ps7_cortexa9_0' is selected.
19:16:15 INFO  : Processor reset is completed for 'ps7_cortexa9_0'.
19:16:15 INFO  : Context for processor 'ps7_cortexa9_0' is selected.
19:16:15 INFO  : The application 'C:/project_1/project_1.sdk/led_test/Debug/led_test.elf' is downloaded to processor 'ps7_cortexa9_0'.
19:16:15 INFO  : 'configparams force-mem-access 0' command is executed.
19:16:15 INFO  : ----------------XSDB Script----------------
connect -url tcp:127.0.0.1:3121
source C:/project_1/project_1.sdk/zynq_custom_wrapper_hw_platform_0/ps7_init.tcl
targets -set -nocase -filter {name =~"APU*" && jtag_cable_name =~ "Digilent JTAG-SMT1 210203A3CF98A"} -index 0
loadhw -hw C:/project_1/project_1.sdk/zynq_custom_wrapper_hw_platform_0/system.hdf -mem-ranges [list {0x40000000 0xbfffffff}]
configparams force-mem-access 1
targets -set -nocase -filter {name =~"APU*" && jtag_cable_name =~ "Digilent JTAG-SMT1 210203A3CF98A"} -index 0
stop
ps7_init
ps7_post_config
targets -set -nocase -filter {name =~ "ARM*#0" && jtag_cable_name =~ "Digilent JTAG-SMT1 210203A3CF98A"} -index 0
rst -processor
targets -set -nocase -filter {name =~ "ARM*#0" && jtag_cable_name =~ "Digilent JTAG-SMT1 210203A3CF98A"} -index 0
dow C:/project_1/project_1.sdk/led_test/Debug/led_test.elf
configparams force-mem-access 0
----------------End of Script----------------

19:16:15 INFO  : Context for processor 'ps7_cortexa9_0' is selected.
19:16:15 INFO  : 'con' command is executed.
19:16:15 INFO  : ----------------XSDB Script (After Launch)----------------
targets -set -nocase -filter {name =~ "ARM*#0" && jtag_cable_name =~ "Digilent JTAG-SMT1 210203A3CF98A"} -index 0
con
----------------End of Script----------------

19:16:15 INFO  : Disconnected from the channel tcfchan#1.
19:23:06 INFO  : Registering command handlers for SDK TCF services
19:23:06 INFO  : Launching XSCT server: xsct.bat -interactive C:\project_1\project_1.sdk\temp_xsdb_launch_script.tcl
19:23:08 INFO  : XSCT server has started successfully.
19:23:09 INFO  : Restoring local repository preferences: 
		 C:\ip_repo\myip_1.0
19:23:09 INFO  : Successfully done setting XSCT server connection channel  
19:23:09 INFO  : Processing command line option -hwspec C:/project_1/project_1.sdk/zynq_custom_wrapper.hdf.
19:23:09 INFO  : Successfully done setting SDK workspace  
19:23:09 INFO  : Checking for hwspec changes in the project zynq_custom_wrapper_hw_platform_0.
19:23:11 INFO  : SDK has detected change in the last modified timestamps for source hardware specification file Source:1558520488764,  Project:1558512101912
19:23:11 INFO  : The hardware specification for project 'zynq_custom_wrapper_hw_platform_0' is different from C:/project_1/project_1.sdk/zynq_custom_wrapper.hdf.
19:23:11 INFO  : Copied contents of C:/project_1/project_1.sdk/zynq_custom_wrapper.hdf into \zynq_custom_wrapper_hw_platform_0\system.hdf.
19:23:15 INFO  : Synchronizing projects in the workspace with the hardware platform specification changes.
19:23:17 INFO  : 
19:23:18 INFO  : Updating hardware inferred compiler options for led_test.
19:23:18 INFO  : Clearing existing target manager status.
19:24:24 INFO  : Saving repository preferences.
19:26:36 INFO  : Saving repository preferences.
19:26:47 INFO  : No changes in MSS file content so not generating sources.
19:27:58 INFO  : Connected to target on host '127.0.0.1' and port '3121'.
19:28:00 INFO  : 'targets -set -filter {jtag_cable_name =~ "Digilent JTAG-SMT1 210203A3CF98A" && level==0} -index 1' command is executed.
19:28:02 INFO  : FPGA configured successfully with bitstream "C:/project_1/project_1.sdk/zynq_custom_wrapper_hw_platform_0/zynq_custom_wrapper.bit"
19:28:15 INFO  : 'targets -set -filter {jtag_cable_name =~ "Digilent JTAG-SMT1 210203A3CF98A" && level==0} -index 1' command is executed.
19:28:15 INFO  : 'fpga -state' command is executed.
19:28:16 INFO  : Connected to target on host '127.0.0.1' and port '3121'.
19:28:16 INFO  : Jtag cable 'Digilent JTAG-SMT1 210203A3CF98A' is selected.
19:28:16 INFO  : 'jtag frequency' command is executed.
19:28:16 INFO  : Context for 'APU' is selected.
19:28:16 INFO  : Hardware design information is loaded from 'C:/project_1/project_1.sdk/zynq_custom_wrapper_hw_platform_0/system.hdf'.
19:28:16 INFO  : 'configparams force-mem-access 1' command is executed.
19:28:16 INFO  : Context for processor 'ps7_cortexa9_0' is selected.
19:28:16 INFO  : Processor reset is completed for 'ps7_cortexa9_0'.
19:28:16 INFO  : Context for processor 'ps7_cortexa9_0' is selected.
19:28:16 INFO  : The application 'C:/project_1/project_1.sdk/222/Debug/222.elf' is downloaded to processor 'ps7_cortexa9_0'.
19:28:16 INFO  : 'configparams force-mem-access 0' command is executed.
19:28:16 INFO  : ----------------XSDB Script----------------
connect -url tcp:127.0.0.1:3121
targets -set -nocase -filter {name =~"APU*" && jtag_cable_name =~ "Digilent JTAG-SMT1 210203A3CF98A"} -index 0
loadhw -hw C:/project_1/project_1.sdk/zynq_custom_wrapper_hw_platform_0/system.hdf -mem-ranges [list {0x40000000 0xbfffffff}]
configparams force-mem-access 1
targets -set -nocase -filter {name =~ "ARM*#0" && jtag_cable_name =~ "Digilent JTAG-SMT1 210203A3CF98A"} -index 0
rst -processor
targets -set -nocase -filter {name =~ "ARM*#0" && jtag_cable_name =~ "Digilent JTAG-SMT1 210203A3CF98A"} -index 0
dow C:/project_1/project_1.sdk/222/Debug/222.elf
configparams force-mem-access 0
----------------End of Script----------------

19:28:16 INFO  : Context for processor 'ps7_cortexa9_0' is selected.
19:28:16 INFO  : 'con' command is executed.
19:28:16 INFO  : ----------------XSDB Script (After Launch)----------------
targets -set -nocase -filter {name =~ "ARM*#0" && jtag_cable_name =~ "Digilent JTAG-SMT1 210203A3CF98A"} -index 0
con
----------------End of Script----------------

19:28:16 INFO  : Disconnected from the channel tcfchan#1.
