11:41:30 INFO  : Registering command handlers for SDK TCF services
11:41:31 INFO  : Launching XSCT server: xsct.bat -interactive C:\project_1\project_1.sdk\temp_xsdb_launch_script.tcl
11:41:34 INFO  : XSCT server has started successfully.
11:41:34 INFO  : Successfully done setting XSCT server connection channel  
11:41:37 INFO  : Successfully done setting SDK workspace  
11:41:37 INFO  : Processing command line option -hwspec C:/project_1/project_1.sdk/zync_gpio_wrapper.hdf.
14:29:01 INFO  : Refreshed build settings on project gpio_ctrl
14:35:12 INFO  : Invoking Bootgen: bootgen -image gpio_ctrl.bif -arch zynq -o C:\project_1\project_1.sdk\gpio_ctrl\bootimage\BOOT.bin
14:35:12 INFO  : Creating new bif file C:\project_1\project_1.sdk\gpio_ctrl\bootimage\gpio_ctrl.bif
14:35:14 INFO  : Bootgen command execution is done.
15:34:29 INFO  : Invoking Bootgen: bootgen -image gpio_ctrl.bif -arch zynq -o C:\project_1\project_1.sdk\gpio_ctrl\bootimage\BOOT.bin -w on
15:34:31 INFO  : Bootgen command execution is done.
15:38:27 INFO  : Invoking Bootgen: bootgen -image gpio_ctrl.bif -arch zynq -o C:\project_1\project_1.sdk\gpio_ctrl\bootimage\BOOT.bin -w on
15:38:29 INFO  : Bootgen command execution is done.
12:00:32 INFO  : Registering command handlers for SDK TCF services
12:00:33 INFO  : Launching XSCT server: xsct.bat -interactive C:\project_1\project_1.sdk\temp_xsdb_launch_script.tcl
12:00:36 INFO  : XSCT server has started successfully.
12:00:38 INFO  : Successfully done setting XSCT server connection channel  
12:00:38 INFO  : Processing command line option -hwspec C:/project_1/project_1.sdk/zync_gpio_wrapper.hdf.
12:00:38 INFO  : Successfully done setting SDK workspace  
12:00:38 INFO  : Checking for hwspec changes in the project zync_gpio_wrapper_hw_platform_0.
12:10:24 INFO  : Invoking Bootgen: bootgen -image gpio_ctrl.bif -arch zynq -o C:\project_1\project_1.sdk\gpio_ctrl\bootimage\BOOT.bin -w on
12:10:25 INFO  : Bootgen command execution is done.
12:55:43 INFO  : Invoking Bootgen: bootgen -image gpio_ctrl.bif -arch zynq -o C:\project_1\project_1.sdk\gpio_ctrl\bootimage\BOOT.bin -w on
12:55:45 INFO  : Bootgen command execution is done.
12:59:28 INFO  : Invoking Bootgen: bootgen -image gpio_ctrl.bif -arch zynq -o C:\project_1\project_1.sdk\gpio_ctrl\bootimage\BOOT.bin -w on
12:59:30 INFO  : Bootgen command execution is done.
13:08:30 INFO  : Invoking Bootgen: bootgen -image gpio_ctrl.bif -arch zynq -o C:\project_1\project_1.sdk\gpio_ctrl\bootimage\BOOT.bin -w on
13:08:32 INFO  : Bootgen command execution is done.
13:10:59 INFO  : Invoking Bootgen: bootgen -image gpio_ctrl.bif -arch zynq -o C:\project_1\project_1.sdk\gpio_ctrl\bootimage\BOOT.bin -w on
13:11:01 INFO  : Bootgen command execution is done.
13:14:05 INFO  : Invoking Bootgen: bootgen -image gpio_ctrl.bif -arch zynq -o C:\project_1\project_1.sdk\gpio_ctrl\bootimage\BOOT.bin -w on
13:14:07 INFO  : Bootgen command execution is done.
13:15:28 INFO  : Invoking Bootgen: bootgen -image gpio_ctrl.bif -arch zynq -o C:\project_1\project_1.sdk\gpio_ctrl\bootimage\BOOT.bin -w on
13:15:29 INFO  : Bootgen command execution is done.
13:18:53 INFO  : Invoking Bootgen: bootgen -image gpio_ctrl.bif -arch zynq -o C:\project_1\project_1.sdk\gpio_ctrl\bootimage\BOOT.bin -w on
13:18:55 INFO  : Bootgen command execution is done.
13:27:19 INFO  : Invoking Bootgen: bootgen -image gpio_ctrl.bif -arch zynq -o C:\project_1\project_1.sdk\gpio_ctrl\bootimage\BOOT.bin -w on
13:27:21 INFO  : Bootgen command execution is done.
13:27:59 INFO  : Invoking Bootgen: bootgen -image gpio_ctrl.bif -arch zynq -o C:\project_1\project_1.sdk\gpio_ctrl\bootimage\BOOT.bin -w on
13:28:01 INFO  : Bootgen command execution is done.
13:36:55 INFO  : Invoking Bootgen: bootgen -image gpio_ctrl.bif -arch zynq -o C:\project_1\project_1.sdk\gpio_ctrl\bootimage\BOOT.bin -w on
13:36:57 INFO  : Bootgen command execution is done.
17:27:07 INFO  : Registering command handlers for SDK TCF services
17:27:07 INFO  : Launching XSCT server: xsct.bat -interactive C:\project_1\project_1.sdk\temp_xsdb_launch_script.tcl
17:27:10 INFO  : XSCT server has started successfully.
17:27:13 INFO  : Successfully done setting XSCT server connection channel  
17:27:13 INFO  : Processing command line option -hwspec C:/project_1/project_1.sdk/zync_gpio_wrapper.hdf.
17:27:13 INFO  : Successfully done setting SDK workspace  
17:27:13 INFO  : Checking for hwspec changes in the project zync_gpio_wrapper_hw_platform_0.
17:28:53 INFO  : Invoking Bootgen: bootgen -image gpio_ctrl.bif -arch zynq -o C:\project_1\project_1.sdk\gpio_ctrl\bootimage\BOOT.bin -w on
17:28:55 INFO  : Bootgen command execution is done.
17:30:58 INFO  : Invoking Bootgen: bootgen -image gpio_ctrl.bif -arch zynq -o C:\project_1\project_1.sdk\gpio_ctrl\bootimage\BOOT.bin -w on
17:31:00 INFO  : Bootgen command execution is done.
17:45:43 INFO  : Registering command handlers for SDK TCF services
17:45:44 INFO  : Launching XSCT server: xsct.bat -interactive C:\project_1\project_1.sdk\temp_xsdb_launch_script.tcl
17:45:46 INFO  : XSCT server has started successfully.
17:45:46 INFO  : Successfully done setting XSCT server connection channel  
17:45:46 INFO  : Processing command line option -hwspec C:/project_1/project_1.sdk/zync_gpio_wrapper.hdf.
17:45:46 INFO  : Successfully done setting SDK workspace  
17:45:46 INFO  : Checking for hwspec changes in the project zync_gpio_wrapper_hw_platform_0.
18:40:13 INFO  : Registering command handlers for SDK TCF services
18:40:14 INFO  : Launching XSCT server: xsct.bat -interactive C:\project_1\project_1.sdk\temp_xsdb_launch_script.tcl
18:40:16 INFO  : XSCT server has started successfully.
18:40:16 INFO  : Successfully done setting XSCT server connection channel  
18:40:16 INFO  : Processing command line option -hwspec C:/project_1/project_1.sdk/zync_gpio_wrapper.hdf.
18:40:16 INFO  : Successfully done setting SDK workspace  
18:40:16 INFO  : Checking for hwspec changes in the project zync_gpio_wrapper_hw_platform_0.
